npm warn config optional Use `--omit=optional` to exclude optional dependencies, or
npm warn config `--include=optional` to include them.
npm warn config
npm warn config       Default value does install optional deps unless otherwise omitted.

> @settler/web@1.0.0 build
> next build

  ▲ Next.js 14.2.33

   Creating an optimized production build ...
 ✓ Compiled successfully
   Linting and checking validity of types ...
 ⚠ TypeScript project references are not fully supported. Attempting to build in incremental mode.
 ⨯ ESLint: Failed to load config "prettier" to extend from. Referenced from: /workspace/.eslintrc.js
   Collecting page data ...
   Generating static pages (0/8) ...
   Generating static pages (2/8) 
   Generating static pages (4/8) 
   Generating static pages (6/8) 
Error: API key is required
    at new p (/workspace/packages/web/.next/server/app/react-settler-demo/page.js:1:56215)
    at /workspace/packages/web/.next/server/app/react-settler-demo/page.js:1:72117
    at nt (/workspace/node_modules/next/dist/compiled/next-server/app-page.runtime.prod.js:12:38747)
    at Object.useState (/workspace/node_modules/next/dist/compiled/next-server/app-page.runtime.prod.js:12:40704)
    at t.useState (/workspace/node_modules/next/dist/compiled/next-server/app-page.runtime.prod.js:12:110093)
    at s (/workspace/packages/web/.next/server/app/react-settler-demo/page.js:1:72112)
    at nj (/workspace/node_modules/next/dist/compiled/next-server/app-page.runtime.prod.js:12:46252)
    at nM (/workspace/node_modules/next/dist/compiled/next-server/app-page.runtime.prod.js:12:47572)
    at nN (/workspace/node_modules/next/dist/compiled/next-server/app-page.runtime.prod.js:12:64547)
    at nI (/workspace/node_modules/next/dist/compiled/next-server/app-page.runtime.prod.js:12:47011) {
  digest: '968360621'
}

Error occurred prerendering page "/react-settler-demo". Read more: https://nextjs.org/docs/messages/prerender-error

Error: API key is required
    at new p (/workspace/packages/web/.next/server/app/react-settler-demo/page.js:1:56215)
    at /workspace/packages/web/.next/server/app/react-settler-demo/page.js:1:72117
    at nt (/workspace/node_modules/next/dist/compiled/next-server/app-page.runtime.prod.js:12:38747)
    at Object.useState (/workspace/node_modules/next/dist/compiled/next-server/app-page.runtime.prod.js:12:40704)
    at t.useState (/workspace/node_modules/next/dist/compiled/next-server/app-page.runtime.prod.js:12:110093)
    at s (/workspace/packages/web/.next/server/app/react-settler-demo/page.js:1:72112)
    at nj (/workspace/node_modules/next/dist/compiled/next-server/app-page.runtime.prod.js:12:46252)
    at nM (/workspace/node_modules/next/dist/compiled/next-server/app-page.runtime.prod.js:12:47572)
    at nN (/workspace/node_modules/next/dist/compiled/next-server/app-page.runtime.prod.js:12:64547)
    at nI (/workspace/node_modules/next/dist/compiled/next-server/app-page.runtime.prod.js:12:47011)
 ✓ Generating static pages (8/8)

> Export encountered errors on following paths:
	/react-settler-demo/page: /react-settler-demo
npm error Lifecycle script `build` failed with error:
npm error code 1
npm error path /workspace/packages/web
npm error workspace @settler/web@1.0.0
npm error location /workspace/packages/web
npm error command failed
npm error command sh -c next build
