npm warn config optional Use `--omit=optional` to exclude optional dependencies, or
npm warn config `--include=optional` to include them.
npm warn config
npm warn config       Default value does install optional deps unless otherwise omitted.

> @settler/adapters@1.0.0 typecheck
> tsc --noEmit

src/stripe-enhanced.ts(115,7): error TS2322: Type '"2024-11-20.acacia"' is not assignable to type '"2023-10-16"'.
src/stripe-enhanced.ts(139,7): error TS2322: Type '"2024-11-20.acacia"' is not assignable to type '"2023-10-16"'.
src/stripe.ts(17,7): error TS2322: Type '"2024-11-20.acacia"' is not assignable to type '"2023-10-16"'.
src/stripe.ts(21,7): error TS2769: No overload matches this call.
  Overload 1 of 2, '(params?: ChargeListParams | undefined, options?: RequestOptions | undefined): ApiListPromise<Charge>', gave the following error.
    Type '{ gte: number | undefined; lte: number | undefined; }' is not assignable to type 'number | RangeQueryParam | undefined'.
      Type '{ gte: number | undefined; lte: number | undefined; }' is not assignable to type 'RangeQueryParam' with 'exactOptionalPropertyTypes: true'. Consider adding 'undefined' to the types of the target's properties.
        Types of property 'gte' are incompatible.
          Type 'number | undefined' is not assignable to type 'number'.
            Type 'undefined' is not assignable to type 'number'.
  Overload 2 of 2, '(options?: RequestOptions | undefined): ApiListPromise<Charge>', gave the following error.
    Object literal may only specify known properties, and 'created' does not exist in type 'RequestOptions'.
npm error Lifecycle script `typecheck` failed with error:
npm error code 1
npm error path /workspace/packages/adapters
npm error workspace @settler/adapters@1.0.0
npm error location /workspace/packages/adapters
npm error command failed
npm error command sh -c tsc --noEmit
