npm warn config optional Use `--omit=optional` to exclude optional dependencies, or
npm warn config `--include=optional` to include them.
npm warn config
npm warn config       Default value does install optional deps unless otherwise omitted.

> @settler/cli@1.0.0 lint
> eslint src --ext .ts --max-warnings 100


/workspace/packages/cli/src/commands/adapters.ts
  22:13  warning  Unsafe assignment of an `any` value                  @typescript-eslint/no-unsafe-assignment
  22:22  error    Unsafe construction of an any type value             @typescript-eslint/no-unsafe-call
  27:13  warning  Unsafe assignment of an `any` value                  @typescript-eslint/no-unsafe-assignment
  27:30  error    Unsafe call of an `any` typed value                  @typescript-eslint/no-unsafe-call
  27:37  warning  Unsafe member access .adapters on an `any` value     @typescript-eslint/no-unsafe-member-access
  30:7   error    Unsafe call of an `any` typed value                  @typescript-eslint/no-unsafe-call
  30:16  warning  Unsafe member access .data on an `any` value         @typescript-eslint/no-unsafe-member-access
  31:45  warning  Unsafe member access .id on an `any` value           @typescript-eslint/no-unsafe-member-access
  32:42  warning  Unsafe member access .name on an `any` value         @typescript-eslint/no-unsafe-member-access
  33:49  warning  Unsafe member access .description on an `any` value  @typescript-eslint/no-unsafe-member-access
  34:45  warning  Unsafe member access .version on an `any` value      @typescript-eslint/no-unsafe-member-access

/workspace/packages/cli/src/commands/admin.ts
   17:29  warning  Async arrow function has no 'await' expression            @typescript-eslint/require-await
   19:54  warning  Unsafe member access .sagaId on an `any` value            @typescript-eslint/no-unsafe-member-access
   19:80  warning  Unsafe member access .sagaType on an `any` value          @typescript-eslint/no-unsafe-member-access
   28:29  warning  Async arrow function has no 'await' expression            @typescript-eslint/require-await
   29:49  warning  Unsafe member access .aggregateType on an `any` value     @typescript-eslint/no-unsafe-member-access
   29:74  warning  Unsafe member access .aggregateId on an `any` value       @typescript-eslint/no-unsafe-member-access
   38:29  warning  Async arrow function has no 'await' expression            @typescript-eslint/require-await
   39:44  warning  Unsafe member access .sagaId on an `any` value            @typescript-eslint/no-unsafe-member-access
   48:29  warning  Async arrow function has no 'await' expression            @typescript-eslint/require-await
   49:44  warning  Unsafe member access .sagaId on an `any` value            @typescript-eslint/no-unsafe-member-access
   58:29  warning  Async arrow function has no 'await' expression            @typescript-eslint/require-await
   59:46  warning  Unsafe member access .sagaId on an `any` value            @typescript-eslint/no-unsafe-member-access
   68:29  warning  Async arrow function has no 'await' expression            @typescript-eslint/require-await
   69:58  warning  Unsafe member access .limit on an `any` value             @typescript-eslint/no-unsafe-member-access
   78:29  warning  Async arrow function has no 'await' expression            @typescript-eslint/require-await
   79:50  warning  Unsafe member access .id on an `any` value                @typescript-eslint/no-unsafe-member-access
   87:29  warning  Async arrow function has no 'await' expression            @typescript-eslint/require-await
   88:19  warning  Unsafe member access .reconciliationId on an `any` value  @typescript-eslint/no-unsafe-member-access
   89:73  warning  Unsafe member access .reconciliationId on an `any` value  @typescript-eslint/no-unsafe-member-access
  100:29  warning  Async arrow function has no 'await' expression            @typescript-eslint/require-await
  101:57  warning  Unsafe member access .reconciliationId on an `any` value  @typescript-eslint/no-unsafe-member-access

/workspace/packages/cli/src/commands/debug.ts
   18:13  warning  Unsafe assignment of an `any` value                                                    @typescript-eslint/no-unsafe-assignment
   18:68  warning  Unsafe member access .parent on an `any` value                                         @typescript-eslint/no-unsafe-member-access
   24:63  warning  Unsafe member access .adapter on an `any` value                                        @typescript-eslint/no-unsafe-member-access
   28:20  warning  Unsafe member access .parent on an `any` value                                         @typescript-eslint/no-unsafe-member-access
   32:13  warning  Unsafe assignment of an `any` value                                                    @typescript-eslint/no-unsafe-assignment
   36:13  warning  Unsafe assignment of an `any` value                                                    @typescript-eslint/no-unsafe-assignment
   36:30  warning  Unsafe member access .adapter on an `any` value                                        @typescript-eslint/no-unsafe-member-access
   37:13  warning  Unsafe assignment of an `any` value                                                    @typescript-eslint/no-unsafe-assignment
   37:29  warning  Unsafe member access .config on an `any` value                                         @typescript-eslint/no-unsafe-member-access
   37:49  warning  Unsafe argument of type `any` assigned to a parameter of type `string`                 @typescript-eslint/no-unsafe-argument
   37:57  warning  Unsafe member access .config on an `any` value                                         @typescript-eslint/no-unsafe-member-access
   37:69  warning  Unsafe assignment of an `any` value                                                    @typescript-eslint/no-unsafe-assignment
   37:85  warning  Unsafe member access .apiKey on an `any` value                                         @typescript-eslint/no-unsafe-member-access
   76:13  warning  Unsafe assignment of an `any` value                                                    @typescript-eslint/no-unsafe-assignment
   76:32  warning  Unsafe member access .file on an `any` value                                           @typescript-eslint/no-unsafe-member-access
   77:41  warning  Unsafe argument of type `any` assigned to a parameter of type `PathLike | FileHandle`  @typescript-eslint/no-unsafe-argument
   78:32  warning  Unsafe argument of type `any` assigned to a parameter of type `string`                 @typescript-eslint/no-unsafe-argument
   80:19  warning  Unexpected any. Specify a different type                                               @typescript-eslint/no-explicit-any
   83:9   warning  Unsafe assignment of an `any` value                                                    @typescript-eslint/no-unsafe-assignment
   85:9   warning  Unsafe assignment of an `any` value                                                    @typescript-eslint/no-unsafe-assignment
   96:19  warning  Unsafe member access .name on an `any` value                                           @typescript-eslint/no-unsafe-member-access
  100:19  warning  Unsafe member access .source on an `any` value                                         @typescript-eslint/no-unsafe-member-access
  100:37  warning  Unsafe member access .source on an `any` value                                         @typescript-eslint/no-unsafe-member-access
  104:19  warning  Unsafe member access .target on an `any` value                                         @typescript-eslint/no-unsafe-member-access
  104:37  warning  Unsafe member access .target on an `any` value                                         @typescript-eslint/no-unsafe-member-access
  108:19  warning  Unsafe member access .rules on an `any` value                                          @typescript-eslint/no-unsafe-member-access
  108:36  warning  Unsafe member access .rules on an `any` value                                          @typescript-eslint/no-unsafe-member-access
  108:76  warning  Unsafe member access .rules on an `any` value                                          @typescript-eslint/no-unsafe-member-access
  119:49  warning  Unsafe member access .name on an `any` value                                           @typescript-eslint/no-unsafe-member-access
  120:51  warning  Unsafe member access .source on an `any` value                                         @typescript-eslint/no-unsafe-member-access
  121:51  warning  Unsafe member access .target on an `any` value                                         @typescript-eslint/no-unsafe-member-access
  122:59  warning  Unsafe member access .rules on an `any` value                                          @typescript-eslint/no-unsafe-member-access
  138:13  warning  Unsafe assignment of an `any` value                                                    @typescript-eslint/no-unsafe-assignment
  138:68  warning  Unsafe member access .parent on an `any` value                                         @typescript-eslint/no-unsafe-member-access
  144:13  warning  Unsafe assignment of an `any` value                                                    @typescript-eslint/no-unsafe-assignment
  144:31  warning  Unsafe member access .parent on an `any` value                                         @typescript-eslint/no-unsafe-member-access
  145:40  warning  Unsafe member access .path on an `any` value                                           @typescript-eslint/no-unsafe-member-access
  148:52  warning  Unsafe member access .method on an `any` value                                         @typescript-eslint/no-unsafe-member-access
  154:9   warning  Unsafe assignment of an `any` value                                                    @typescript-eslint/no-unsafe-assignment
  154:25  warning  Unsafe member access .method on an `any` value                                         @typescript-eslint/no-unsafe-member-access
  156:11  warning  Unsafe assignment of an `any` value                                                    @typescript-eslint/no-unsafe-assignment
  161:19  warning  Unsafe member access .data on an `any` value                                           @typescript-eslint/no-unsafe-member-access
  162:9   warning  Unsafe assignment of an `any` value                                                    @typescript-eslint/no-unsafe-assignment
  162:37  warning  Unsafe member access .data on an `any` value                                           @typescript-eslint/no-unsafe-member-access
  163:52  warning  Unsafe member access .data on an `any` value                                           @typescript-eslint/no-unsafe-member-access
  183:23  warning  Unexpected any. Specify a different type                                               @typescript-eslint/no-explicit-any
  185:9   warning  Unsafe assignment of an `any` value                                                    @typescript-eslint/no-unsafe-assignment

/workspace/packages/cli/src/commands/jobs.ts
   22:13  warning  Unsafe assignment of an `any` value                                                     @typescript-eslint/no-unsafe-assignment
   22:22  error    Unsafe construction of an any type value                                                @typescript-eslint/no-unsafe-call
   27:13  warning  Unsafe assignment of an `any` value                                                     @typescript-eslint/no-unsafe-assignment
   27:30  error    Unsafe call of an `any` typed value                                                     @typescript-eslint/no-unsafe-call
   27:37  warning  Unsafe member access .jobs on an `any` value                                            @typescript-eslint/no-unsafe-member-access
   29:20  warning  Unsafe member access .data on an `any` value                                            @typescript-eslint/no-unsafe-member-access
   35:7   error    Unsafe call of an `any` typed value                                                     @typescript-eslint/no-unsafe-call
   35:16  warning  Unsafe member access .data on an `any` value                                            @typescript-eslint/no-unsafe-member-access
   36:41  warning  Unsafe member access .id on an `any` value                                              @typescript-eslint/no-unsafe-member-access
   37:38  warning  Unsafe member access .name on an `any` value                                            @typescript-eslint/no-unsafe-member-access
   38:40  warning  Unsafe member access .status on an `any` value                                          @typescript-eslint/no-unsafe-member-access
   39:46  warning  Unsafe argument of type `any` assigned to a parameter of type `string | number | Date`  @typescript-eslint/no-unsafe-argument
   39:50  warning  Unsafe member access .createdAt on an `any` value                                       @typescript-eslint/no-unsafe-member-access
   66:13  warning  Unsafe assignment of an `any` value                                                     @typescript-eslint/no-unsafe-assignment
   66:22  error    Unsafe construction of an any type value                                                @typescript-eslint/no-unsafe-call
   73:13  warning  Unsafe assignment of an `any` value                                                     @typescript-eslint/no-unsafe-assignment
   73:30  error    Unsafe call of an `any` typed value                                                     @typescript-eslint/no-unsafe-call
   73:37  warning  Unsafe member access .jobs on an `any` value                                            @typescript-eslint/no-unsafe-member-access
   91:60  warning  Unsafe member access .data on an `any` value                                            @typescript-eslint/no-unsafe-member-access
   92:50  warning  Unsafe member access .data on an `any` value                                            @typescript-eslint/no-unsafe-member-access
  105:13  warning  Unsafe assignment of an `any` value                                                     @typescript-eslint/no-unsafe-assignment
  105:61  warning  Unsafe member access .parent on an `any` value                                          @typescript-eslint/no-unsafe-member-access
  111:13  warning  Unsafe assignment of an `any` value                                                     @typescript-eslint/no-unsafe-assignment
  111:22  error    Unsafe construction of an any type value                                                @typescript-eslint/no-unsafe-call
  112:9   warning  Unsafe assignment of an `any` value                                                     @typescript-eslint/no-unsafe-assignment
  113:9   warning  Unsafe assignment of an `any` value                                                     @typescript-eslint/no-unsafe-assignment
  113:26  warning  Unsafe member access .parent on an `any` value                                          @typescript-eslint/no-unsafe-member-access
  116:13  warning  Unsafe assignment of an `any` value                                                     @typescript-eslint/no-unsafe-assignment
  116:30  error    Unsafe call of an `any` typed value                                                     @typescript-eslint/no-unsafe-call
  116:37  warning  Unsafe member access .jobs on an `any` value                                            @typescript-eslint/no-unsafe-member-access
  117:70  warning  Unsafe member access .data on an `any` value                                            @typescript-eslint/no-unsafe-member-access
  119:19  warning  Unsafe member access .wait on an `any` value                                            @typescript-eslint/no-unsafe-member-access
  132:19  error    Unsafe call of an `any` typed value                                                     @typescript-eslint/no-unsafe-call
  132:26  warning  Unsafe member access .reports on an `any` value                                         @typescript-eslint/no-unsafe-member-access
  162:13  warning  Unsafe assignment of an `any` value                                                     @typescript-eslint/no-unsafe-assignment
  162:61  warning  Unsafe member access .parent on an `any` value                                          @typescript-eslint/no-unsafe-member-access
  168:13  warning  Unsafe assignment of an `any` value                                                     @typescript-eslint/no-unsafe-assignment
  168:31  warning  Unsafe member access .parent on an `any` value                                          @typescript-eslint/no-unsafe-member-access
  172:9   warning  Unsafe assignment of an `any` value                                                     @typescript-eslint/no-unsafe-assignment
  172:24  warning  Unsafe member access .limit on an `any` value                                           @typescript-eslint/no-unsafe-member-access
  175:19  warning  Unsafe member access .since on an `any` value                                           @typescript-eslint/no-unsafe-member-access
  176:32  warning  Unsafe argument of type `any` assigned to a parameter of type `string`                  @typescript-eslint/no-unsafe-argument
  176:40  warning  Unsafe member access .since on an `any` value                                           @typescript-eslint/no-unsafe-member-access
  183:13  warning  Unsafe assignment of an `any` value                                                     @typescript-eslint/no-unsafe-assignment
  217:19  warning  Unsafe member access .tail on an `any` value                                            @typescript-eslint/no-unsafe-member-access
  236:13  warning  Unsafe assignment of an `any` value                                                     @typescript-eslint/no-unsafe-assignment
  236:61  warning  Unsafe member access .parent on an `any` value                                          @typescript-eslint/no-unsafe-member-access
  242:13  warning  Unsafe assignment of an `any` value                                                     @typescript-eslint/no-unsafe-assignment
  242:31  warning  Unsafe member access .parent on an `any` value                                          @typescript-eslint/no-unsafe-member-access
  245:25  warning  Unsafe member access .dryRun on an `any` value                                          @typescript-eslint/no-unsafe-member-access
  248:19  warning  Unsafe member access .fromDate on an `any` value                                        @typescript-eslint/no-unsafe-member-access
  249:33  warning  Unsafe member access .fromDate on an `any` value                                        @typescript-eslint/no-unsafe-member-access
  252:19  warning  Unsafe member access .eventId on an `any` value                                         @typescript-eslint/no-unsafe-member-access
  253:32  warning  Unsafe member access .eventId on an `any` value                                         @typescript-eslint/no-unsafe-member-access
  263:13  warning  Unsafe assignment of an `any` value                                                     @typescript-eslint/no-unsafe-assignment
  278:19  warning  Unsafe member access .dryRun on an `any` value                                          @typescript-eslint/no-unsafe-member-access

/workspace/packages/cli/src/commands/reports.ts
  18:13  warning  Unsafe assignment of an `any` value                        @typescript-eslint/no-unsafe-assignment
  18:61  warning  Unsafe member access .parent on an `any` value             @typescript-eslint/no-unsafe-member-access
  24:13  warning  Unsafe assignment of an `any` value                        @typescript-eslint/no-unsafe-assignment
  24:22  error    Unsafe construction of an any type value                   @typescript-eslint/no-unsafe-call
  25:9   warning  Unsafe assignment of an `any` value                        @typescript-eslint/no-unsafe-assignment
  26:9   warning  Unsafe assignment of an `any` value                        @typescript-eslint/no-unsafe-assignment
  26:26  warning  Unsafe member access .parent on an `any` value             @typescript-eslint/no-unsafe-member-access
  29:13  warning  Unsafe assignment of an `any` value                        @typescript-eslint/no-unsafe-assignment
  29:30  error    Unsafe call of an `any` typed value                        @typescript-eslint/no-unsafe-call
  29:37  warning  Unsafe member access .reports on an `any` value            @typescript-eslint/no-unsafe-member-access
  30:9   warning  Unsafe assignment of an `any` value                        @typescript-eslint/no-unsafe-assignment
  30:28  warning  Unsafe member access .start on an `any` value              @typescript-eslint/no-unsafe-member-access
  31:9   warning  Unsafe assignment of an `any` value                        @typescript-eslint/no-unsafe-assignment
  31:26  warning  Unsafe member access .end on an `any` value                @typescript-eslint/no-unsafe-member-access
  34:13  warning  Unsafe assignment of an `any` value                        @typescript-eslint/no-unsafe-assignment
  34:36  warning  Unsafe member access .data on an `any` value               @typescript-eslint/no-unsafe-member-access
  38:45  warning  Unsafe member access .data on an `any` value               @typescript-eslint/no-unsafe-member-access
  38:81  warning  Unsafe member access .data on an `any` value               @typescript-eslint/no-unsafe-member-access
  41:53  warning  Unsafe member access .matched on an `any` value            @typescript-eslint/no-unsafe-member-access
  42:56  warning  Unsafe member access .unmatched on an `any` value          @typescript-eslint/no-unsafe-member-access
  43:50  warning  Unsafe member access .errors on an `any` value             @typescript-eslint/no-unsafe-member-access
  44:45  error    Unsafe call of an `any` typed value                        @typescript-eslint/no-unsafe-call
  44:53  warning  Unsafe member access .accuracy on an `any` value           @typescript-eslint/no-unsafe-member-access
  45:52  warning  Unsafe member access .totalTransactions on an `any` value  @typescript-eslint/no-unsafe-member-access

/workspace/packages/cli/src/commands/webhooks.ts
  16:13  warning  Unsafe assignment of an `any` value               @typescript-eslint/no-unsafe-assignment
  16:61  warning  Unsafe member access .parent on an `any` value    @typescript-eslint/no-unsafe-member-access
  22:13  warning  Unsafe assignment of an `any` value               @typescript-eslint/no-unsafe-assignment
  22:22  error    Unsafe construction of an any type value          @typescript-eslint/no-unsafe-call
  23:9   warning  Unsafe assignment of an `any` value               @typescript-eslint/no-unsafe-assignment
  24:9   warning  Unsafe assignment of an `any` value               @typescript-eslint/no-unsafe-assignment
  24:26  warning  Unsafe member access .parent on an `any` value    @typescript-eslint/no-unsafe-member-access
  27:13  warning  Unsafe assignment of an `any` value               @typescript-eslint/no-unsafe-assignment
  27:30  error    Unsafe call of an `any` typed value               @typescript-eslint/no-unsafe-call
  27:37  warning  Unsafe member access .webhooks on an `any` value  @typescript-eslint/no-unsafe-member-access
  29:20  warning  Unsafe member access .data on an `any` value      @typescript-eslint/no-unsafe-member-access
  35:7   error    Unsafe call of an `any` typed value               @typescript-eslint/no-unsafe-call
  35:16  warning  Unsafe member access .data on an `any` value      @typescript-eslint/no-unsafe-member-access
  36:45  warning  Unsafe member access .id on an `any` value        @typescript-eslint/no-unsafe-member-access
  37:41  warning  Unsafe member access .url on an `any` value       @typescript-eslint/no-unsafe-member-access
  38:36  error    Unsafe call of an `any` typed value               @typescript-eslint/no-unsafe-call
  38:44  warning  Unsafe member access .events on an `any` value    @typescript-eslint/no-unsafe-member-access
  39:44  warning  Unsafe member access .status on an `any` value    @typescript-eslint/no-unsafe-member-access

✖ 177 problems (18 errors, 159 warnings)

