npm warn config optional Use `--omit=optional` to exclude optional dependencies, or
npm warn config `--include=optional` to include them.
npm warn config
npm warn config       Default value does install optional deps unless otherwise omitted.

> @settler/edge-node@1.0.0 typecheck
> tsc --noEmit

src/services/AnomalyDetectionService.ts(20,13): error TS6138: Property 'modelManager' is declared but its value is never read.
src/services/EdgeNodeService.ts(368,11): error TS6133: 'nodeInfo' is declared but its value is never read.
src/services/EdgeNodeService.ts(371,5): error TS2375: Type '{ nodeId: string | undefined; status: string; lastHeartbeat: string; jobsProcessed: number; localStorageUsed: number; }' is not assignable to type 'NodeStatus' with 'exactOptionalPropertyTypes: true'. Consider adding 'undefined' to the types of the target's properties.
  Types of property 'nodeId' are incompatible.
    Type 'string | undefined' is not assignable to type 'string'.
      Type 'undefined' is not assignable to type 'string'.
src/services/IngestionService.ts(26,13): error TS6138: Property 'db' is declared but its value is never read.
src/services/IngestionService.ts(88,19): error TS2379: Argument of type '{ name: string; type: "string" | "number" | "date" | "boolean" | "unknown"; piiType: string | undefined; }' is not assignable to parameter of type '{ name: string; type: "string" | "number" | "boolean" | "date" | "unknown"; piiType?: string; }' with 'exactOptionalPropertyTypes: true'. Consider adding 'undefined' to the types of the target's properties.
  Types of property 'piiType' are incompatible.
    Type 'string | undefined' is not assignable to type 'string'.
      Type 'undefined' is not assignable to type 'string'.
src/services/IngestionService.ts(121,11): error TS6133: 'lowerValue' is declared but its value is never read.
src/services/MatchingService.ts(20,13): error TS6138: Property 'db' is declared but its value is never read.
src/services/MatchingService.ts(21,13): error TS6138: Property 'modelManager' is declared but its value is never read.
src/services/MatchingService.ts(192,11): error TS6133: 'shorter' is declared but its value is never read.
src/services/MatchingService.ts(210,7): error TS2532: Object is possibly 'undefined'.
src/services/MatchingService.ts(216,11): error TS2532: Object is possibly 'undefined'.
src/services/MatchingService.ts(216,11): error TS2322: Type 'number | undefined' is not assignable to type 'number'.
  Type 'undefined' is not assignable to type 'number'.
src/services/MatchingService.ts(216,26): error TS2532: Object is possibly 'undefined'.
src/services/MatchingService.ts(218,11): error TS2532: Object is possibly 'undefined'.
src/services/MatchingService.ts(219,13): error TS2532: Object is possibly 'undefined'.
src/services/MatchingService.ts(219,13): error TS2532: Object is possibly 'undefined'.
src/services/MatchingService.ts(220,13): error TS2532: Object is possibly 'undefined'.
src/services/MatchingService.ts(220,13): error TS2532: Object is possibly 'undefined'.
src/services/MatchingService.ts(221,13): error TS2532: Object is possibly 'undefined'.
src/services/MatchingService.ts(221,13): error TS2532: Object is possibly 'undefined'.
src/services/MatchingService.ts(227,5): error TS2322: Type 'number | undefined' is not assignable to type 'number'.
  Type 'undefined' is not assignable to type 'number'.
src/services/MatchingService.ts(227,12): error TS2532: Object is possibly 'undefined'.
src/services/ModelManager.ts(41,5): error TS6133: 'input' is declared but its value is never read.
npm error Lifecycle script `typecheck` failed with error:
npm error code 1
npm error path /workspace/packages/edge-node
npm error workspace @settler/edge-node@1.0.0
npm error location /workspace/packages/edge-node
npm error command failed
npm error command sh -c tsc --noEmit
